<?xml version="1.0" encoding="UTF-8"?>
<testsuite xmlns:xsi="http://www.w3.org/2001/XMLSchema-instance" xsi:noNamespaceSchemaLocation="https://maven.apache.org/surefire/maven-surefire-plugin/xsd/surefire-test-report.xsd" version="3.0.1" name="org.sonatype.mavenbook.weather.yahoo.WeatherFormatterTest" time="0.164" tests="1" errors="0" skipped="0" failures="0">
  <properties>
    <property name="java.specification.version" value="21"/>
    <property name="sun.jnu.encoding" value="UTF-8"/>
    <property name="java.class.path" value="/Users/widioremo/Projects/playground/maven/simple-weather/target/test-classes:/Users/widioremo/Projects/playground/maven/simple-weather/target/classes:/Users/widioremo/.m2/repository/log4j/log4j/1.2.14/log4j-1.2.14.jar:/Users/widioremo/.m2/repository/dom4j/dom4j/1.6.1/dom4j-1.6.1.jar:/Users/widioremo/.m2/repository/xml-apis/xml-apis/1.0.b2/xml-apis-1.0.b2.jar:/Users/widioremo/.m2/repository/jaxen/jaxen/1.1.1/jaxen-1.1.1.jar:/Users/widioremo/.m2/repository/jdom/jdom/1.0/jdom-1.0.jar:/Users/widioremo/.m2/repository/xerces/xercesImpl/2.6.2/xercesImpl-2.6.2.jar:/Users/widioremo/.m2/repository/xom/xom/1.0/xom-1.0.jar:/Users/widioremo/.m2/repository/xerces/xmlParserAPIs/2.6.2/xmlParserAPIs-2.6.2.jar:/Users/widioremo/.m2/repository/xalan/xalan/2.6.0/xalan-2.6.0.jar:/Users/widioremo/.m2/repository/com/ibm/icu/icu4j/2.6.1/icu4j-2.6.1.jar:/Users/widioremo/.m2/repository/velocity/velocity/1.5/velocity-1.5.jar:/Users/widioremo/.m2/repository/commons-collections/commons-collections/3.1/commons-collections-3.1.jar:/Users/widioremo/.m2/repository/commons-lang/commons-lang/2.1/commons-lang-2.1.jar:/Users/widioremo/.m2/repository/oro/oro/2.0.8/oro-2.0.8.jar:/Users/widioremo/.m2/repository/org/junit/jupiter/junit-jupiter-api/5.11.0/junit-jupiter-api-5.11.0.jar:/Users/widioremo/.m2/repository/org/opentest4j/opentest4j/1.3.0/opentest4j-1.3.0.jar:/Users/widioremo/.m2/repository/org/junit/platform/junit-platform-commons/1.11.0/junit-platform-commons-1.11.0.jar:/Users/widioremo/.m2/repository/org/apiguardian/apiguardian-api/1.1.2/apiguardian-api-1.1.2.jar:/Users/widioremo/.m2/repository/org/junit/jupiter/junit-jupiter-params/5.11.0/junit-jupiter-params-5.11.0.jar:/Users/widioremo/.m2/repository/commons-io/commons-io/2.5/commons-io-2.5.jar:"/>
    <property name="java.vm.vendor" value="Amazon.com Inc."/>
    <property name="sun.arch.data.model" value="64"/>
    <property name="java.vendor.url" value="https://aws.amazon.com/corretto/"/>
    <property name="user.timezone" value="Africa/Nairobi"/>
    <property name="os.name" value="Mac OS X"/>
    <property name="java.vm.specification.version" value="21"/>
    <property name="sun.java.launcher" value="SUN_STANDARD"/>
    <property name="user.country" value="GB"/>
    <property name="sun.boot.library.path" value="/Users/widioremo/.sdkman/candidates/java/21.0.3-amzn/lib"/>
    <property name="sun.java.command" value="/Users/widioremo/Projects/playground/maven/simple-weather/target/surefire/surefirebooter-20250215233116044_3.jar /Users/widioremo/Projects/playground/maven/simple-weather/target/surefire 2025-02-15T23-31-15_971-jvmRun1 surefire-20250215233116044_1tmp surefire_0-20250215233116044_2tmp"/>
    <property name="http.nonProxyHosts" value="local|*.local|169.254/16|*.169.254/16"/>
    <property name="jdk.debug" value="release"/>
    <property name="surefire.test.class.path" value="/Users/widioremo/Projects/playground/maven/simple-weather/target/test-classes:/Users/widioremo/Projects/playground/maven/simple-weather/target/classes:/Users/widioremo/.m2/repository/log4j/log4j/1.2.14/log4j-1.2.14.jar:/Users/widioremo/.m2/repository/dom4j/dom4j/1.6.1/dom4j-1.6.1.jar:/Users/widioremo/.m2/repository/xml-apis/xml-apis/1.0.b2/xml-apis-1.0.b2.jar:/Users/widioremo/.m2/repository/jaxen/jaxen/1.1.1/jaxen-1.1.1.jar:/Users/widioremo/.m2/repository/jdom/jdom/1.0/jdom-1.0.jar:/Users/widioremo/.m2/repository/xerces/xercesImpl/2.6.2/xercesImpl-2.6.2.jar:/Users/widioremo/.m2/repository/xom/xom/1.0/xom-1.0.jar:/Users/widioremo/.m2/repository/xerces/xmlParserAPIs/2.6.2/xmlParserAPIs-2.6.2.jar:/Users/widioremo/.m2/repository/xalan/xalan/2.6.0/xalan-2.6.0.jar:/Users/widioremo/.m2/repository/com/ibm/icu/icu4j/2.6.1/icu4j-2.6.1.jar:/Users/widioremo/.m2/repository/velocity/velocity/1.5/velocity-1.5.jar:/Users/widioremo/.m2/repository/commons-collections/commons-collections/3.1/commons-collections-3.1.jar:/Users/widioremo/.m2/repository/commons-lang/commons-lang/2.1/commons-lang-2.1.jar:/Users/widioremo/.m2/repository/oro/oro/2.0.8/oro-2.0.8.jar:/Users/widioremo/.m2/repository/org/junit/jupiter/junit-jupiter-api/5.11.0/junit-jupiter-api-5.11.0.jar:/Users/widioremo/.m2/repository/org/opentest4j/opentest4j/1.3.0/opentest4j-1.3.0.jar:/Users/widioremo/.m2/repository/org/junit/platform/junit-platform-commons/1.11.0/junit-platform-commons-1.11.0.jar:/Users/widioremo/.m2/repository/org/apiguardian/apiguardian-api/1.1.2/apiguardian-api-1.1.2.jar:/Users/widioremo/.m2/repository/org/junit/jupiter/junit-jupiter-params/5.11.0/junit-jupiter-params-5.11.0.jar:/Users/widioremo/.m2/repository/commons-io/commons-io/2.5/commons-io-2.5.jar:"/>
    <property name="sun.cpu.endian" value="little"/>
    <property name="user.home" value="/Users/widioremo"/>
    <property name="user.language" value="en"/>
    <property name="java.specification.vendor" value="Oracle Corporation"/>
    <property name="java.version.date" value="2024-04-16"/>
    <property name="java.home" value="/Users/widioremo/.sdkman/candidates/java/21.0.3-amzn"/>
    <property name="file.separator" value="/"/>
    <property name="basedir" value="/Users/widioremo/Projects/playground/maven/simple-weather"/>
    <property name="java.vm.compressedOopsMode" value="Zero based"/>
    <property name="line.separator" value="&#10;"/>
    <property name="java.vm.specification.vendor" value="Oracle Corporation"/>
    <property name="java.specification.name" value="Java Platform API Specification"/>
    <property name="apple.awt.application.name" value="ForkedBooter"/>
    <property name="surefire.real.class.path" value="/Users/widioremo/Projects/playground/maven/simple-weather/target/surefire/surefirebooter-20250215233116044_3.jar"/>
    <property name="sun.management.compiler" value="HotSpot 64-Bit Tiered Compilers"/>
    <property name="ftp.nonProxyHosts" value="local|*.local|169.254/16|*.169.254/16"/>
    <property name="java.runtime.version" value="21.0.3+9-LTS"/>
    <property name="user.name" value="widioremo"/>
    <property name="stdout.encoding" value="UTF-8"/>
    <property name="path.separator" value=":"/>
    <property name="os.version" value="15.1.1"/>
    <property name="java.runtime.name" value="OpenJDK Runtime Environment"/>
    <property name="file.encoding" value="UTF-8"/>
    <property name="java.vm.name" value="OpenJDK 64-Bit Server VM"/>
    <property name="java.vendor.version" value="Corretto-21.0.3.9.1"/>
    <property name="localRepository" value="/Users/widioremo/.m2/repository"/>
    <property name="java.vendor.url.bug" value="https://github.com/corretto/corretto-21/issues/"/>
    <property name="java.io.tmpdir" value="/var/folders/zs/px376pr50m39pmynm71rx08h0000gn/T/"/>
    <property name="java.version" value="21.0.3"/>
    <property name="user.dir" value="/Users/widioremo/Projects/playground/maven/simple-weather"/>
    <property name="os.arch" value="aarch64"/>
    <property name="java.vm.specification.name" value="Java Virtual Machine Specification"/>
    <property name="native.encoding" value="UTF-8"/>
    <property name="java.library.path" value="/Users/widioremo/Library/Java/Extensions:/Library/Java/Extensions:/Network/Library/Java/Extensions:/System/Library/Java/Extensions:/usr/lib/java:."/>
    <property name="java.vm.info" value="mixed mode, sharing"/>
    <property name="stderr.encoding" value="UTF-8"/>
    <property name="java.vendor" value="Amazon.com Inc."/>
    <property name="java.vm.version" value="21.0.3+9-LTS"/>
    <property name="sun.io.unicode.encoding" value="UnicodeBig"/>
    <property name="socksNonProxyHosts" value="local|*.local|169.254/16|*.169.254/16"/>
    <property name="java.class.version" value="65.0"/>
  </properties>
  <testcase name="testFormat" classname="org.sonatype.mavenbook.weather.yahoo.WeatherFormatterTest" time="0.153">
    <system-out><![CDATA[0    INFO  YahooParser  - Creating XML Reader
45   INFO  YahooParser  - Parsing XML Response
62   INFO  WeatherFormatter  - Formatting Weather Data
]]></system-out>
  </testcase>
</testsuite>